<?xml version="1.0" encoding="UTF-8"?>
<testsuite name="Ebay" tests="1" skipped="0" failures="0" errors="0" timestamp="2021-05-26T12:23:28" hostname="DESKTOP-5L7N2A8" time="9.698">
  <properties/>
  <testcase name="ebay" classname="Ebay" time="9.698"/>
  <system-out><![CDATA[]]></system-out>
  <system-err><![CDATA[Starting ChromeDriver 90.0.4430.24 (4c6d850f087da467d926e8eddb76550aed655991-refs/branch-heads/4430@{#429}) on port 8994
Only local connections are allowed.
Please see https://chromedriver.chromium.org/security-considerations for suggestions on keeping ChromeDriver safe.
ChromeDriver was started successfully.
mai 26, 2021 2:23:26 PM org.openqa.selenium.remote.ProtocolHandshake createSession
INFOS: Detected dialect: W3C
]]></system-err>
</testsuite>
